# JRE version: OpenJDK Runtime Environment (8.0_152-b01) (build 1.8.0_152-release-915-b01)
# Java VM: OpenJDK 64-Bit Server VM (25.152-b01 mixed mode windows-amd64 compressed oops)
Heap:
 PSYoungGen      total 430592K, used 203811K [0x00000000e0000000, 0x00000000ff180000, 0x0000000100000000)
  eden space 364032K, 43% used [0x00000000e0000000,0x00000000e9bf1dd8,0x00000000f6380000)
  from space 66560K, 66% used [0x00000000fa900000,0x00000000fd417128,0x00000000fea00000)
  to   space 71168K, 0% used [0x00000000f6380000,0x00000000f6380000,0x00000000fa900000)
 ParOldGen       total 161792K, used 148956K [0x00000000a0000000, 0x00000000a9e00000, 0x00000000e0000000)
  object space 161792K, 92% used [0x00000000a0000000,0x00000000a9177148,0x00000000a9e00000)
 Metaspace       used 90231K, capacity 96991K, committed 97240K, reserved 1134592K
  class space    used 11457K, capacity 13020K, committed 13056K, reserved 1048576K
GC Heap History (10 events):
Event: 6234.407 GC heap before
{Heap before GC invocations=45 (full 3):
 PSYoungGen      total 327168K, used 266237K [0x00000000e0000000, 0x00000000f9a00000, 0x0000000100000000)
  eden space 247296K, 99% used [0x00000000e0000000,0x00000000ef14a1d8,0x00000000ef180000)
  from space 79872K, 23% used [0x00000000ef180000,0x00000000f0435578,0x00000000f3f80000)
  to   space 74240K, 0% used [0x00000000f5180000,0x00000000f5180000,0x00000000f9a00000)
 ParOldGen       total 161792K, used 137588K [0x00000000a0000000, 0x00000000a9e00000, 0x00000000e0000000)
  object space 161792K, 85% used [0x00000000a0000000,0x00000000a865d148,0x00000000a9e00000)
 Metaspace       used 89914K, capacity 96657K, committed 96984K, reserved 1132544K
  class space    used 11445K, capacity 12977K, committed 13056K, reserved 1048576K
Event: 6234.461 GC heap after
Heap after GC invocations=45 (full 3):
 PSYoungGen      total 347648K, used 13179K [0x00000000e0000000, 0x00000000f9800000, 0x0000000100000000)
  eden space 275456K, 0% used [0x00000000e0000000,0x00000000e0000000,0x00000000f0d00000)
  from space 72192K, 18% used [0x00000000f5180000,0x00000000f5e5ef30,0x00000000f9800000)
  to   space 70144K, 0% used [0x00000000f0d00000,0x00000000f0d00000,0x00000000f5180000)
 ParOldGen       total 161792K, used 137588K [0x00000000a0000000, 0x00000000a9e00000, 0x00000000e0000000)
  object space 161792K, 85% used [0x00000000a0000000,0x00000000a865d148,0x00000000a9e00000)
 Metaspace       used 89914K, capacity 96657K, committed 96984K, reserved 1132544K
  class space    used 11445K, capacity 12977K, committed 13056K, reserved 1048576K
}
Event: 6234.533 GC heap before
{Heap before GC invocations=46 (full 3):
 PSYoungGen      total 347648K, used 287991K [0x00000000e0000000, 0x00000000f9800000, 0x0000000100000000)
  eden space 275456K, 99% used [0x00000000e0000000,0x00000000f0c5ef70,0x00000000f0d00000)
  from space 72192K, 18% used [0x00000000f5180000,0x00000000f5e5ef30,0x00000000f9800000)
  to   space 70144K, 0% used [0x00000000f0d00000,0x00000000f0d00000,0x00000000f5180000)
 ParOldGen       total 161792K, used 137588K [0x00000000a0000000, 0x00000000a9e00000, 0x00000000e0000000)
  object space 161792K, 85% used [0x00000000a0000000,0x00000000a865d148,0x00000000a9e00000)
 Metaspace       used 89914K, capacity 96657K, committed 96984K, reserved 1132544K
  class space    used 11445K, capacity 12977K, committed 13056K, reserved 1048576K
Event: 6234.553 GC heap after
Heap after GC invocations=46 (full 3):
 PSYoungGen      total 345600K, used 5800K [0x00000000e0000000, 0x00000000fbf80000, 0x0000000100000000)
  eden space 275456K, 0% used [0x00000000e0000000,0x00000000e0000000,0x00000000f0d00000)
  from space 70144K, 8% used [0x00000000f0d00000,0x00000000f12aa0d8,0x00000000f5180000)
  to   space 67584K, 0% used [0x00000000f7d80000,0x00000000f7d80000,0x00000000fbf80000)
 ParOldGen       total 161792K, used 139783K [0x00000000a0000000, 0x00000000a9e00000, 0x00000000e0000000)
  object space 161792K, 86% used [0x00000000a0000000,0x00000000a8881fd8,0x00000000a9e00000)
 Metaspace       used 89914K, capacity 96657K, committed 96984K, reserved 1132544K
  class space    used 11445K, capacity 12977K, committed 13056K, reserved 1048576K
}
Event: 6624.104 GC heap before
{Heap before GC invocations=47 (full 3):
 PSYoungGen      total 345600K, used 281256K [0x00000000e0000000, 0x00000000fbf80000, 0x0000000100000000)
  eden space 275456K, 100% used [0x00000000e0000000,0x00000000f0d00000,0x00000000f0d00000)
  from space 70144K, 8% used [0x00000000f0d00000,0x00000000f12aa0d8,0x00000000f5180000)
  to   space 67584K, 0% used [0x00000000f7d80000,0x00000000f7d80000,0x00000000fbf80000)
 ParOldGen       total 161792K, used 139783K [0x00000000a0000000, 0x00000000a9e00000, 0x00000000e0000000)
  object space 161792K, 86% used [0x00000000a0000000,0x00000000a8881fd8,0x00000000a9e00000)
 Metaspace       used 89962K, capacity 96789K, committed 96984K, reserved 1132544K
  class space    used 11457K, capacity 13019K, committed 13056K, reserved 1048576K
Event: 6624.341 GC heap after
Heap after GC invocations=47 (full 3):
 PSYoungGen      total 380416K, used 1840K [0x00000000e0000000, 0x00000000fb880000, 0x0000000100000000)
  eden space 320000K, 0% used [0x00000000e0000000,0x00000000e0000000,0x00000000f3880000)
  from space 60416K, 3% used [0x00000000f7d80000,0x00000000f7f4c010,0x00000000fb880000)
  to   space 65536K, 0% used [0x00000000f3880000,0x00000000f3880000,0x00000000f7880000)
 ParOldGen       total 161792K, used 142583K [0x00000000a0000000, 0x00000000a9e00000, 0x00000000e0000000)
  object space 161792K, 88% used [0x00000000a0000000,0x00000000a8b3de78,0x00000000a9e00000)
 Metaspace       used 89962K, capacity 96789K, committed 96984K, reserved 1132544K
  class space    used 11457K, capacity 13019K, committed 13056K, reserved 1048576K
}
Event: 6632.663 GC heap before
{Heap before GC invocations=48 (full 3):
 PSYoungGen      total 380416K, used 321840K [0x00000000e0000000, 0x00000000fb880000, 0x0000000100000000)
  eden space 320000K, 100% used [0x00000000e0000000,0x00000000f3880000,0x00000000f3880000)
  from space 60416K, 3% used [0x00000000f7d80000,0x00000000f7f4c010,0x00000000fb880000)
  to   space 65536K, 0% used [0x00000000f3880000,0x00000000f3880000,0x00000000f7880000)
 ParOldGen       total 161792K, used 142583K [0x00000000a0000000, 0x00000000a9e00000, 0x00000000e0000000)
  object space 161792K, 88% used [0x00000000a0000000,0x00000000a8b3de78,0x00000000a9e00000)
 Metaspace       used 90180K, capacity 96991K, committed 97240K, reserved 1134592K
  class space    used 11457K, capacity 13020K, committed 13056K, reserved 1048576K
Event: 6632.788 GC heap after
Heap after GC invocations=48 (full 3):
 PSYoungGen      total 385536K, used 32786K [0x00000000e0000000, 0x00000000fea00000, 0x0000000100000000)
  eden space 320000K, 0% used [0x00000000e0000000,0x00000000e0000000,0x00000000f3880000)
  from space 65536K, 50% used [0x00000000f3880000,0x00000000f5884890,0x00000000f7880000)
  to   space 66560K, 0% used [0x00000000fa900000,0x00000000fa900000,0x00000000fea00000)
 ParOldGen       total 161792K, used 142647K [0x00000000a0000000, 0x00000000a9e00000, 0x00000000e0000000)
  object space 161792K, 88% used [0x00000000a0000000,0x00000000a8b4de78,0x00000000a9e00000)
 Metaspace       used 90180K, capacity 96991K, committed 97240K, reserved 1134592K
  class space    used 11457K, capacity 13020K, committed 13056K, reserved 1048576K
}
Event: 6635.063 GC heap before
{Heap before GC invocations=49 (full 3):
 PSYoungGen      total 385536K, used 352786K [0x00000000e0000000, 0x00000000fea00000, 0x0000000100000000)
  eden space 320000K, 100% used [0x00000000e0000000,0x00000000f3880000,0x00000000f3880000)
  from space 65536K, 50% used [0x00000000f3880000,0x00000000f5884890,0x00000000f7880000)
  to   space 66560K, 0% used [0x00000000fa900000,0x00000000fa900000,0x00000000fea00000)
 ParOldGen       total 161792K, used 142647K [0x00000000a0000000, 0x00000000a9e00000, 0x00000000e0000000)
  object space 161792K, 88% used [0x00000000a0000000,0x00000000a8b4de78,0x00000000a9e00000)
 Metaspace       used 90231K, capacity 96991K, committed 97240K, reserved 1134592K
  class space    used 11457K, capacity 13020K, committed 13056K, reserved 1048576K
Event: 6635.136 GC heap after
Heap after GC invocations=49 (full 3):
 PSYoungGen      total 430592K, used 44124K [0x00000000e0000000, 0x00000000ff180000, 0x0000000100000000)
  eden space 364032K, 0% used [0x00000000e0000000,0x00000000e0000000,0x00000000f6380000)
  from space 66560K, 66% used [0x00000000fa900000,0x00000000fd417128,0x00000000fea00000)
  to   space 71168K, 0% used [0x00000000f6380000,0x00000000f6380000,0x00000000fa900000)
 ParOldGen       total 161792K, used 148956K [0x00000000a0000000, 0x00000000a9e00000, 0x00000000e0000000)
  object space 161792K, 92% used [0x00000000a0000000,0x00000000a9177148,0x00000000a9e00000)
 Metaspace       used 90231K, capacity 96991K, committed 97240K, reserved 1134592K
  class space    used 11457K, capacity 13020K, committed 13056K, reserved 1048576K
}

