# JRE version: OpenJDK Runtime Environment (8.0_152-b01) (build 1.8.0_152-release-915-b01)
# Java VM: OpenJDK 64-Bit Server VM (25.152-b01 mixed mode windows-amd64 compressed oops)
Heap:
 PSYoungGen      total 285696K, used 4904K [0x00000000e0000000, 0x00000000f4e80000, 0x0000000100000000)
  eden space 239104K, 0% used [0x00000000e0000000,0x00000000e0000000,0x00000000ee980000)
  from space 46592K, 10% used [0x00000000f2100000,0x00000000f25ca190,0x00000000f4e80000)
  to   space 51712K, 0% used [0x00000000ee980000,0x00000000ee980000,0x00000000f1c00000)
 ParOldGen       total 109056K, used 104123K [0x00000000a0000000, 0x00000000a6a80000, 0x00000000e0000000)
  object space 109056K, 95% used [0x00000000a0000000,0x00000000a65aeff8,0x00000000a6a80000)
 Metaspace       used 57076K, capacity 58988K, committed 59028K, reserved 1099776K
  class space    used 7701K, capacity 8174K, committed 8192K, reserved 1048576K
GC Heap History (10 events):
Event: 30.320 GC heap after
Heap after GC invocations=12 (full 2):
 PSYoungGen      total 160256K, used 16893K [0x00000000e0000000, 0x00000000eba80000, 0x0000000100000000)
  eden space 143360K, 0% used [0x00000000e0000000,0x00000000e0000000,0x00000000e8c00000)
  from space 16896K, 99% used [0x00000000ea080000,0x00000000eb0ff560,0x00000000eb100000)
  to   space 20992K, 0% used [0x00000000e8c00000,0x00000000e8c00000,0x00000000ea080000)
 ParOldGen       total 109056K, used 26721K [0x00000000a0000000, 0x00000000a6a80000, 0x00000000e0000000)
  object space 109056K, 24% used [0x00000000a0000000,0x00000000a1a18618,0x00000000a6a80000)
 Metaspace       used 54579K, capacity 56368K, committed 56536K, reserved 1097728K
  class space    used 7400K, capacity 7828K, committed 7936K, reserved 1048576K
}
Event: 31.662 GC heap before
{Heap before GC invocations=13 (full 2):
 PSYoungGen      total 160256K, used 160253K [0x00000000e0000000, 0x00000000eba80000, 0x0000000100000000)
  eden space 143360K, 100% used [0x00000000e0000000,0x00000000e8c00000,0x00000000e8c00000)
  from space 16896K, 99% used [0x00000000ea080000,0x00000000eb0ff560,0x00000000eb100000)
  to   space 20992K, 0% used [0x00000000e8c00000,0x00000000e8c00000,0x00000000ea080000)
 ParOldGen       total 109056K, used 26721K [0x00000000a0000000, 0x00000000a6a80000, 0x00000000e0000000)
  object space 109056K, 24% used [0x00000000a0000000,0x00000000a1a18618,0x00000000a6a80000)
 Metaspace       used 55087K, capacity 56896K, committed 57048K, reserved 1097728K
  class space    used 7462K, capacity 7870K, committed 7936K, reserved 1048576K
Event: 31.729 GC heap after
Heap after GC invocations=13 (full 2):
 PSYoungGen      total 164352K, used 20988K [0x00000000e0000000, 0x00000000ef900000, 0x0000000100000000)
  eden space 143360K, 0% used [0x00000000e0000000,0x00000000e0000000,0x00000000e8c00000)
  from space 20992K, 99% used [0x00000000e8c00000,0x00000000ea07f300,0x00000000ea080000)
  to   space 33792K, 0% used [0x00000000ed800000,0x00000000ed800000,0x00000000ef900000)
 ParOldGen       total 109056K, used 53485K [0x00000000a0000000, 0x00000000a6a80000, 0x00000000e0000000)
  object space 109056K, 49% used [0x00000000a0000000,0x00000000a343b608,0x00000000a6a80000)
 Metaspace       used 55087K, capacity 56896K, committed 57048K, reserved 1097728K
  class space    used 7462K, capacity 7870K, committed 7936K, reserved 1048576K
}
Event: 32.691 GC heap before
{Heap before GC invocations=14 (full 2):
 PSYoungGen      total 164352K, used 164348K [0x00000000e0000000, 0x00000000ef900000, 0x0000000100000000)
  eden space 143360K, 100% used [0x00000000e0000000,0x00000000e8c00000,0x00000000e8c00000)
  from space 20992K, 99% used [0x00000000e8c00000,0x00000000ea07f300,0x00000000ea080000)
  to   space 33792K, 0% used [0x00000000ed800000,0x00000000ed800000,0x00000000ef900000)
 ParOldGen       total 109056K, used 53485K [0x00000000a0000000, 0x00000000a6a80000, 0x00000000e0000000)
  object space 109056K, 49% used [0x00000000a0000000,0x00000000a343b608,0x00000000a6a80000)
 Metaspace       used 55234K, capacity 57058K, committed 57304K, reserved 1099776K
  class space    used 7479K, capacity 7903K, committed 7936K, reserved 1048576K
Event: 32.786 GC heap after
Heap after GC invocations=14 (full 2):
 PSYoungGen      total 208384K, used 33782K [0x00000000e0000000, 0x00000000f1f80000, 0x0000000100000000)
  eden space 174592K, 0% used [0x00000000e0000000,0x00000000e0000000,0x00000000eaa80000)
  from space 33792K, 99% used [0x00000000ed800000,0x00000000ef8fdb90,0x00000000ef900000)
  to   space 46592K, 0% used [0x00000000eaa80000,0x00000000eaa80000,0x00000000ed800000)
 ParOldGen       total 109056K, used 74153K [0x00000000a0000000, 0x00000000a6a80000, 0x00000000e0000000)
  object space 109056K, 67% used [0x00000000a0000000,0x00000000a486a588,0x00000000a6a80000)
 Metaspace       used 55234K, capacity 57058K, committed 57304K, reserved 1099776K
  class space    used 7479K, capacity 7903K, committed 7936K, reserved 1048576K
}
Event: 34.954 GC heap before
{Heap before GC invocations=15 (full 2):
 PSYoungGen      total 208384K, used 208374K [0x00000000e0000000, 0x00000000f1f80000, 0x0000000100000000)
  eden space 174592K, 100% used [0x00000000e0000000,0x00000000eaa80000,0x00000000eaa80000)
  from space 33792K, 99% used [0x00000000ed800000,0x00000000ef8fdb90,0x00000000ef900000)
  to   space 46592K, 0% used [0x00000000eaa80000,0x00000000eaa80000,0x00000000ed800000)
 ParOldGen       total 109056K, used 74153K [0x00000000a0000000, 0x00000000a6a80000, 0x00000000e0000000)
  object space 109056K, 67% used [0x00000000a0000000,0x00000000a486a588,0x00000000a6a80000)
 Metaspace       used 55834K, capacity 57602K, committed 57816K, reserved 1099776K
  class space    used 7531K, capacity 7935K, committed 7936K, reserved 1048576K
Event: 35.023 GC heap after
Heap after GC invocations=15 (full 2):
 PSYoungGen      total 221184K, used 39964K [0x00000000e0000000, 0x00000000f5380000, 0x0000000100000000)
  eden space 174592K, 0% used [0x00000000e0000000,0x00000000e0000000,0x00000000eaa80000)
  from space 46592K, 85% used [0x00000000eaa80000,0x00000000ed1870c0,0x00000000ed800000)
  to   space 51712K, 0% used [0x00000000f2100000,0x00000000f2100000,0x00000000f5380000)
 ParOldGen       total 109056K, used 85829K [0x00000000a0000000, 0x00000000a6a80000, 0x00000000e0000000)
  object space 109056K, 78% used [0x00000000a0000000,0x00000000a53d1600,0x00000000a6a80000)
 Metaspace       used 55834K, capacity 57602K, committed 57816K, reserved 1099776K
  class space    used 7531K, capacity 7935K, committed 7936K, reserved 1048576K
}
Event: 37.769 GC heap before
{Heap before GC invocations=16 (full 2):
 PSYoungGen      total 221184K, used 171812K [0x00000000e0000000, 0x00000000f5380000, 0x0000000100000000)
  eden space 174592K, 75% used [0x00000000e0000000,0x00000000e80c2300,0x00000000eaa80000)
  from space 46592K, 85% used [0x00000000eaa80000,0x00000000ed1870c0,0x00000000ed800000)
  to   space 51712K, 0% used [0x00000000f2100000,0x00000000f2100000,0x00000000f5380000)
 ParOldGen       total 109056K, used 85829K [0x00000000a0000000, 0x00000000a6a80000, 0x00000000e0000000)
  object space 109056K, 78% used [0x00000000a0000000,0x00000000a53d1600,0x00000000a6a80000)
 Metaspace       used 57076K, capacity 58988K, committed 59028K, reserved 1099776K
  class space    used 7701K, capacity 8174K, committed 8192K, reserved 1048576K
Event: 37.795 GC heap after
Heap after GC invocations=16 (full 2):
 PSYoungGen      total 285696K, used 4904K [0x00000000e0000000, 0x00000000f4e80000, 0x0000000100000000)
  eden space 239104K, 0% used [0x00000000e0000000,0x00000000e0000000,0x00000000ee980000)
  from space 46592K, 10% used [0x00000000f2100000,0x00000000f25ca190,0x00000000f4e80000)
  to   space 51712K, 0% used [0x00000000ee980000,0x00000000ee980000,0x00000000f1c00000)
 ParOldGen       total 109056K, used 104123K [0x00000000a0000000, 0x00000000a6a80000, 0x00000000e0000000)
  object space 109056K, 95% used [0x00000000a0000000,0x00000000a65aeff8,0x00000000a6a80000)
 Metaspace       used 57076K, capacity 58988K, committed 59028K, reserved 1099776K
  class space    used 7701K, capacity 8174K, committed 8192K, reserved 1048576K
}
Event: 37.795 GC heap before
{Heap before GC invocations=17 (full 3):
 PSYoungGen      total 285696K, used 4904K [0x00000000e0000000, 0x00000000f4e80000, 0x0000000100000000)
  eden space 239104K, 0% used [0x00000000e0000000,0x00000000e0000000,0x00000000ee980000)
  from space 46592K, 10% used [0x00000000f2100000,0x00000000f25ca190,0x00000000f4e80000)
  to   space 51712K, 0% used [0x00000000ee980000,0x00000000ee980000,0x00000000f1c00000)
 ParOldGen       total 109056K, used 104123K [0x00000000a0000000, 0x00000000a6a80000, 0x00000000e0000000)
  object space 109056K, 95% used [0x00000000a0000000,0x00000000a65aeff8,0x00000000a6a80000)
 Metaspace       used 57076K, capacity 58988K, committed 59028K, reserved 1099776K
  class space    used 7701K, capacity 8174K, committed 8192K, reserved 1048576K

